2022-02-15 01:13:27,383:INFO:Initializing predict_model()
2022-02-15 01:13:27,385:INFO:predict_model(estimator=Pipeline(steps=[('dtypes',
                 DataTypes_Auto_infer(ml_usecase='regression',
                                      target='approx_in_show_call')),
                ('imputer',
                 Simple_Imputer(categorical_strategy='not_available',
                                fill_value_categorical=None,
                                fill_value_numerical=None,
                                numeric_strategy='mean',
                                target_variable=None)),
                ('new_levels1',
                 New_Catagorical_Levels_in_TestData(replacement_strategy='least '
                                                                         'frequ...
                                                AdaBoostRegressor(base_estimator=GradientBoostingRegressor(learning_rate=0.05,
                                                                                                           max_depth=6,
                                                                                                           max_features='sqrt',
                                                                                                           min_impurity_decrease=0.3,
                                                                                                           min_samples_leaf=4,
                                                                                                           min_samples_split=10,
                                                                                                           n_estimators=270,
                                                                                                           random_state=42,
                                                                                                           subsample=0.7),
                                                                  n_estimators=10,
                                                                  random_state=42))],
                                   final_estimator=AdaBoostRegressor(base_estimator=LGBMRegressor(device='gpu',
                                                                                                  n_jobs=None,
                                                                                                  random_state=42),
                                                                     n_estimators=10,
                                                                     random_state=42),
                                   n_jobs=1, passthrough=True)]]), probability_threshold=None, encoded_labels=True, drift_report=False, raw_score=False, round=4, verbose=True, ml_usecase=MLUsecase.REGRESSION, display=None)
2022-02-15 01:13:27,385:INFO:Checking exceptions
2022-02-15 01:13:27,385:INFO:Preloading libraries
2022-02-15 02:29:54,856:INFO:Initializing predict_model()
2022-02-15 02:29:54,857:INFO:predict_model(estimator=Pipeline(steps=[('dtypes',
                 DataTypes_Auto_infer(ml_usecase='regression',
                                      target='approx_in_show_call')),
                ('imputer',
                 Simple_Imputer(categorical_strategy='not_available',
                                fill_value_categorical=None,
                                fill_value_numerical=None,
                                numeric_strategy='mean',
                                target_variable=None)),
                ('new_levels1',
                 New_Catagorical_Levels_in_TestData(replacement_strategy='least '
                                                                         'frequ...
                                                AdaBoostRegressor(base_estimator=GradientBoostingRegressor(learning_rate=0.05,
                                                                                                           max_depth=6,
                                                                                                           max_features='sqrt',
                                                                                                           min_impurity_decrease=0.3,
                                                                                                           min_samples_leaf=4,
                                                                                                           min_samples_split=10,
                                                                                                           n_estimators=270,
                                                                                                           random_state=42,
                                                                                                           subsample=0.7),
                                                                  n_estimators=10,
                                                                  random_state=42))],
                                   final_estimator=AdaBoostRegressor(base_estimator=LGBMRegressor(device='gpu',
                                                                                                  n_jobs=None,
                                                                                                  random_state=42),
                                                                     n_estimators=10,
                                                                     random_state=42),
                                   n_jobs=1, passthrough=True)]]), probability_threshold=None, encoded_labels=True, drift_report=False, raw_score=False, round=4, verbose=True, ml_usecase=MLUsecase.REGRESSION, display=None)
2022-02-15 02:29:54,857:INFO:Checking exceptions
2022-02-15 02:29:54,857:INFO:Preloading libraries
2022-02-15 12:31:58,519:INFO:Initializing save_model()
2022-02-15 12:31:58,521:INFO:save_model(model=Pipeline(steps=[('dtypes',
                 DataTypes_Auto_infer(ml_usecase='regression',
                                      target='approx_in_show_call')),
                ('imputer',
                 Simple_Imputer(categorical_strategy='not_available',
                                fill_value_categorical=None,
                                fill_value_numerical=None,
                                numeric_strategy='mean',
                                target_variable=None)),
                ('new_levels1',
                 New_Catagorical_Levels_in_TestData(replacement_strategy='least '
                                                                         'frequ...
                                                AdaBoostRegressor(base_estimator=GradientBoostingRegressor(learning_rate=0.05,
                                                                                                           max_depth=6,
                                                                                                           max_features='sqrt',
                                                                                                           min_impurity_decrease=0.3,
                                                                                                           min_samples_leaf=4,
                                                                                                           min_samples_split=10,
                                                                                                           n_estimators=270,
                                                                                                           random_state=42,
                                                                                                           subsample=0.7),
                                                                  n_estimators=10,
                                                                  random_state=42))],
                                   final_estimator=AdaBoostRegressor(base_estimator=LGBMRegressor(device='gpu',
                                                                                                  n_jobs=None,
                                                                                                  random_state=42),
                                                                     n_estimators=10,
                                                                     random_state=42),
                                   n_jobs=1, passthrough=True)]]), model_name=only_model.pkl, prep_pipe_=None, verbose=True, kwargs={})
2022-02-15 12:31:58,521:INFO:Adding model into prep_pipe
2022-02-15 12:32:33,915:WARNING:Only Model saved as it was a pipeline.
2022-02-15 12:32:49,450:INFO:only_model.pkl.pkl saved in current working directory
2022-02-15 12:32:49,731:INFO:Pipeline(steps=[('dtypes',
                 DataTypes_Auto_infer(ml_usecase='regression',
                                      target='approx_in_show_call')),
                ('imputer',
                 Simple_Imputer(categorical_strategy='not_available',
                                fill_value_categorical=None,
                                fill_value_numerical=None,
                                numeric_strategy='mean',
                                target_variable=None)),
                ('new_levels1',
                 New_Catagorical_Levels_in_TestData(replacement_strategy='least '
                                                                         'frequ...
                                                AdaBoostRegressor(base_estimator=GradientBoostingRegressor(learning_rate=0.05,
                                                                                                           max_depth=6,
                                                                                                           max_features='sqrt',
                                                                                                           min_impurity_decrease=0.3,
                                                                                                           min_samples_leaf=4,
                                                                                                           min_samples_split=10,
                                                                                                           n_estimators=270,
                                                                                                           random_state=42,
                                                                                                           subsample=0.7),
                                                                  n_estimators=10,
                                                                  random_state=42))],
                                   final_estimator=AdaBoostRegressor(base_estimator=LGBMRegressor(device='gpu',
                                                                                                  n_jobs=None,
                                                                                                  random_state=42),
                                                                     n_estimators=10,
                                                                     random_state=42),
                                   n_jobs=1, passthrough=True)]])
2022-02-15 12:32:49,731:INFO:save_model() successfully completed......................................
2022-02-15 12:53:49,473:INFO:Initializing predict_model()
2022-02-15 12:53:49,511:INFO:predict_model(estimator=Pipeline(steps=[('dtypes',
                 DataTypes_Auto_infer(ml_usecase='regression',
                                      target='approx_in_show_call')),
                ('imputer',
                 Simple_Imputer(categorical_strategy='not_available',
                                fill_value_categorical=None,
                                fill_value_numerical=None,
                                numeric_strategy='mean',
                                target_variable=None)),
                ('new_levels1',
                 New_Catagorical_Levels_in_TestData(replacement_strategy='least '
                                                                         'frequ...
                                                AdaBoostRegressor(base_estimator=GradientBoostingRegressor(learning_rate=0.05,
                                                                                                           max_depth=6,
                                                                                                           max_features='sqrt',
                                                                                                           min_impurity_decrease=0.3,
                                                                                                           min_samples_leaf=4,
                                                                                                           min_samples_split=10,
                                                                                                           n_estimators=270,
                                                                                                           random_state=42,
                                                                                                           subsample=0.7),
                                                                  n_estimators=10,
                                                                  random_state=42))],
                                   final_estimator=AdaBoostRegressor(base_estimator=LGBMRegressor(device='gpu',
                                                                                                  n_jobs=None,
                                                                                                  random_state=42),
                                                                     n_estimators=10,
                                                                     random_state=42),
                                   n_jobs=1, passthrough=True)]]), probability_threshold=None, encoded_labels=True, drift_report=False, raw_score=False, round=4, verbose=True, ml_usecase=MLUsecase.REGRESSION, display=None)
2022-02-15 12:53:49,512:INFO:Checking exceptions
2022-02-15 12:53:49,512:INFO:Preloading libraries
2022-02-15 13:02:00,218:INFO:Initializing predict_model()
2022-02-15 13:02:00,222:INFO:predict_model(estimator=Pipeline(steps=[('dtypes',
                 DataTypes_Auto_infer(ml_usecase='regression',
                                      target='approx_in_show_call')),
                ('imputer',
                 Simple_Imputer(categorical_strategy='not_available',
                                fill_value_categorical=None,
                                fill_value_numerical=None,
                                numeric_strategy='mean',
                                target_variable=None)),
                ('new_levels1',
                 New_Catagorical_Levels_in_TestData(replacement_strategy='least '
                                                                         'frequ...
                                                AdaBoostRegressor(base_estimator=GradientBoostingRegressor(learning_rate=0.05,
                                                                                                           max_depth=6,
                                                                                                           max_features='sqrt',
                                                                                                           min_impurity_decrease=0.3,
                                                                                                           min_samples_leaf=4,
                                                                                                           min_samples_split=10,
                                                                                                           n_estimators=270,
                                                                                                           random_state=42,
                                                                                                           subsample=0.7),
                                                                  n_estimators=10,
                                                                  random_state=42))],
                                   final_estimator=AdaBoostRegressor(base_estimator=LGBMRegressor(device='gpu',
                                                                                                  n_jobs=None,
                                                                                                  random_state=42),
                                                                     n_estimators=10,
                                                                     random_state=42),
                                   n_jobs=1, passthrough=True)]]), probability_threshold=None, encoded_labels=True, drift_report=False, raw_score=False, round=4, verbose=True, ml_usecase=MLUsecase.REGRESSION, display=None)
2022-02-15 13:02:00,222:INFO:Checking exceptions
2022-02-15 13:02:00,222:INFO:Preloading libraries
